<?xml version="1.0" encoding="UTF-8"?>
<!-- Generated by org.testng.reporters.JUnitXMLReporter -->
<testsuite hostname="DESKTOP-QDLMN8O" ignored="0" name="Suite two" tests="4" failures="0" timestamp="19 Jul 2023 15:39:52 GMT" time="4.746" errors="0">
  <testcase name="tc05" time="0.214" classname="org.testng.TestngSuite1"/>
  <testcase name="tc07" time="0.005" classname="org.testng.TestngSuite2"/>
  <testcase name="tc06" time="0.003" classname="org.testng.TestngSuite2"/>
  <testcase name="tc05" time="0.005" classname="org.testng.TestngSuite2"/>
</testsuite> <!-- Suite two -->
