<?xml version="1.0" encoding="UTF-8"?>
<!-- Generated by org.testng.reporters.JUnitXMLReporter -->
<testsuite hostname="DESKTOP-QDLMN8O" ignored="0" name="Test one" tests="4" failures="0" timestamp="19 Jul 2023 15:39:47 GMT" time="5.474" errors="0">
  <testcase name="tc05" time="0.205" classname="org.testng.TestngSuite1"/>
  <testcase name="tc07" time="0.004" classname="org.testng.TestngSuite2"/>
  <testcase name="tc06" time="0.003" classname="org.testng.TestngSuite2"/>
  <testcase name="tc05" time="0.001" classname="org.testng.TestngSuite2"/>
</testsuite> <!-- Test one -->
